# JRE version: Java(TM) SE Runtime Environment (8.0_111-b14) (build 1.8.0_111-b14)
# Java VM: Java HotSpot(TM) 64-Bit Server VM (25.111-b14 mixed mode linux-amd64 compressed oops)
Heap:
 PSYoungGen      total 2714624K, used 0K [0x0000000715580000, 0x00000007bfd00000, 0x00000007c0000000)
  eden space 2637312K, 0% used [0x0000000715580000,0x0000000715580000,0x00000007b6500000)
  from space 77312K, 0% used [0x00000007bb180000,0x00000007bb180000,0x00000007bfd00000)
  to   space 77824K, 0% used [0x00000007b6500000,0x00000007b6500000,0x00000007bb100000)
 ParOldGen       total 2445312K, used 2319690K [0x00000005c0000000, 0x0000000655400000, 0x0000000715580000)
  object space 2445312K, 94% used [0x00000005c0000000,0x000000064d952a18,0x0000000655400000)
 Metaspace       used 11413K, capacity 11630K, committed 11776K, reserved 1058816K
  class space    used 1369K, capacity 1445K, committed 1536K, reserved 1048576K
GC Heap History (10 events):
Event: 71.570 GC heap after
Heap after GC invocations=109 (full 11):
 PSYoungGen      total 2717696K, used 14262K [0x0000000715580000, 0x00000007c0000000, 0x00000007c0000000)
  eden space 2637312K, 0% used [0x0000000715580000,0x0000000715580000,0x00000007b6500000)
  from space 80384K, 17% used [0x00000007bb180000,0x00000007bbf6dbd0,0x00000007c0000000)
  to   space 78336K, 0% used [0x00000007b6500000,0x00000007b6500000,0x00000007bb180000)
 ParOldGen       total 2445312K, used 2167829K [0x00000005c0000000, 0x0000000655400000, 0x0000000715580000)
  object space 2445312K, 88% used [0x00000005c0000000,0x0000000644505468,0x0000000655400000)
 Metaspace       used 11413K, capacity 11630K, committed 11776K, reserved 1058816K
  class space    used 1369K, capacity 1445K, committed 1536K, reserved 1048576K
}
Event: 72.439 GC heap before
{Heap before GC invocations=110 (full 11):
 PSYoungGen      total 2717696K, used 2651574K [0x0000000715580000, 0x00000007c0000000, 0x00000007c0000000)
  eden space 2637312K, 100% used [0x0000000715580000,0x00000007b6500000,0x00000007b6500000)
  from space 80384K, 17% used [0x00000007bb180000,0x00000007bbf6dbd0,0x00000007c0000000)
  to   space 78336K, 0% used [0x00000007b6500000,0x00000007b6500000,0x00000007bb180000)
 ParOldGen       total 2445312K, used 2167829K [0x00000005c0000000, 0x0000000655400000, 0x0000000715580000)
  object space 2445312K, 88% used [0x00000005c0000000,0x0000000644505468,0x0000000655400000)
 Metaspace       used 11413K, capacity 11630K, committed 11776K, reserved 1058816K
  class space    used 1369K, capacity 1445K, committed 1536K, reserved 1048576K
Event: 72.458 GC heap after
Heap after GC invocations=110 (full 11):
 PSYoungGen      total 2687488K, used 49693K [0x0000000715580000, 0x00000007c0000000, 0x00000007c0000000)
  eden space 2637312K, 0% used [0x0000000715580000,0x0000000715580000,0x00000007b6500000)
  from space 50176K, 99% used [0x00000007b6500000,0x00000007b9587720,0x00000007b9600000)
  to   space 80896K, 0% used [0x00000007bb100000,0x00000007bb100000,0x00000007c0000000)
 ParOldGen       total 2445312K, used 2182051K [0x00000005c0000000, 0x0000000655400000, 0x0000000715580000)
  object space 2445312K, 89% used [0x00000005c0000000,0x00000006452e8d38,0x0000000655400000)
 Metaspace       used 11413K, capacity 11630K, committed 11776K, reserved 1058816K
  class space    used 1369K, capacity 1445K, committed 1536K, reserved 1048576K
}
Event: 72.932 GC heap before
{Heap before GC invocations=111 (full 11):
 PSYoungGen      total 2687488K, used 2687005K [0x0000000715580000, 0x00000007c0000000, 0x00000007c0000000)
  eden space 2637312K, 100% used [0x0000000715580000,0x00000007b6500000,0x00000007b6500000)
  from space 50176K, 99% used [0x00000007b6500000,0x00000007b9587720,0x00000007b9600000)
  to   space 80896K, 0% used [0x00000007bb100000,0x00000007bb100000,0x00000007c0000000)
 ParOldGen       total 2445312K, used 2182051K [0x00000005c0000000, 0x0000000655400000, 0x0000000715580000)
  object space 2445312K, 89% used [0x00000005c0000000,0x00000006452e8d38,0x0000000655400000)
 Metaspace       used 11413K, capacity 11630K, committed 11776K, reserved 1058816K
  class space    used 1369K, capacity 1445K, committed 1536K, reserved 1048576K
Event: 72.953 GC heap after
Heap after GC invocations=111 (full 11):
 PSYoungGen      total 2717696K, used 18952K [0x0000000715580000, 0x00000007c0000000, 0x00000007c0000000)
  eden space 2636800K, 0% used [0x0000000715580000,0x0000000715580000,0x00000007b6480000)
  from space 80896K, 23% used [0x00000007bb100000,0x00000007bc3822d0,0x00000007c0000000)
  to   space 78336K, 0% used [0x00000007b6480000,0x00000007b6480000,0x00000007bb100000)
 ParOldGen       total 2445312K, used 2231634K [0x00000005c0000000, 0x0000000655400000, 0x0000000715580000)
  object space 2445312K, 91% used [0x00000005c0000000,0x00000006483549f0,0x0000000655400000)
 Metaspace       used 11413K, capacity 11630K, committed 11776K, reserved 1058816K
  class space    used 1369K, capacity 1445K, committed 1536K, reserved 1048576K
}
Event: 73.639 GC heap before
{Heap before GC invocations=112 (full 11):
 PSYoungGen      total 2717696K, used 2655752K [0x0000000715580000, 0x00000007c0000000, 0x00000007c0000000)
  eden space 2636800K, 100% used [0x0000000715580000,0x00000007b6480000,0x00000007b6480000)
  from space 80896K, 23% used [0x00000007bb100000,0x00000007bc3822d0,0x00000007c0000000)
  to   space 78336K, 0% used [0x00000007b6480000,0x00000007b6480000,0x00000007bb100000)
 ParOldGen       total 2445312K, used 2231634K [0x00000005c0000000, 0x0000000655400000, 0x0000000715580000)
  object space 2445312K, 91% used [0x00000005c0000000,0x00000006483549f0,0x0000000655400000)
 Metaspace       used 11413K, capacity 11630K, committed 11776K, reserved 1058816K
  class space    used 1369K, capacity 1445K, committed 1536K, reserved 1048576K
Event: 73.660 GC heap after
Heap after GC invocations=112 (full 11):
 PSYoungGen      total 2715136K, used 49319K [0x0000000715580000, 0x00000007c0000000, 0x00000007c0000000)
  eden space 2636800K, 0% used [0x0000000715580000,0x0000000715580000,0x00000007b6480000)
  from space 78336K, 62% used [0x00000007b6480000,0x00000007b94a9f48,0x00000007bb100000)
  to   space 80384K, 0% used [0x00000007bb180000,0x00000007bb180000,0x00000007c0000000)
 ParOldGen       total 2445312K, used 2250554K [0x00000005c0000000, 0x0000000655400000, 0x0000000715580000)
  object space 2445312K, 92% used [0x00000005c0000000,0x00000006495ce9c0,0x0000000655400000)
 Metaspace       used 11413K, capacity 11630K, committed 11776K, reserved 1058816K
  class space    used 1369K, capacity 1445K, committed 1536K, reserved 1048576K
}
Event: 74.162 GC heap before
{Heap before GC invocations=113 (full 11):
 PSYoungGen      total 2715136K, used 2686119K [0x0000000715580000, 0x00000007c0000000, 0x00000007c0000000)
  eden space 2636800K, 100% used [0x0000000715580000,0x00000007b6480000,0x00000007b6480000)
  from space 78336K, 62% used [0x00000007b6480000,0x00000007b94a9f48,0x00000007bb100000)
  to   space 80384K, 0% used [0x00000007bb180000,0x00000007bb180000,0x00000007c0000000)
 ParOldGen       total 2445312K, used 2250554K [0x00000005c0000000, 0x0000000655400000, 0x0000000715580000)
  object space 2445312K, 92% used [0x00000005c0000000,0x00000006495ce9c0,0x0000000655400000)
 Metaspace       used 11413K, capacity 11630K, committed 11776K, reserved 1058816K
  class space    used 1369K, capacity 1445K, committed 1536K, reserved 1048576K
Event: 74.196 GC heap after
Heap after GC invocations=113 (full 11):
 PSYoungGen      total 2714624K, used 20059K [0x0000000715580000, 0x00000007bfd00000, 0x00000007c0000000)
  eden space 2637312K, 0% used [0x0000000715580000,0x0000000715580000,0x00000007b6500000)
  from space 77312K, 25% used [0x00000007bb180000,0x00000007bc516dc0,0x00000007bfd00000)
  to   space 77824K, 0% used [0x00000007b6500000,0x00000007b6500000,0x00000007bb100000)
 ParOldGen       total 2445312K, used 2299794K [0x00000005c0000000, 0x0000000655400000, 0x0000000715580000)
  object space 2445312K, 94% used [0x00000005c0000000,0x000000064c5e4a58,0x0000000655400000)
 Metaspace       used 11413K, capacity 11630K, committed 11776K, reserved 1058816K
  class space    used 1369K, capacity 1445K, committed 1536K, reserved 1048576K
}
Event: 74.196 GC heap before
{Heap before GC invocations=114 (full 12):
 PSYoungGen      total 2714624K, used 20059K [0x0000000715580000, 0x00000007bfd00000, 0x00000007c0000000)
  eden space 2637312K, 0% used [0x0000000715580000,0x0000000715580000,0x00000007b6500000)
  from space 77312K, 25% used [0x00000007bb180000,0x00000007bc516dc0,0x00000007bfd00000)
  to   space 77824K, 0% used [0x00000007b6500000,0x00000007b6500000,0x00000007bb100000)
 ParOldGen       total 2445312K, used 2299794K [0x00000005c0000000, 0x0000000655400000, 0x0000000715580000)
  object space 2445312K, 94% used [0x00000005c0000000,0x000000064c5e4a58,0x0000000655400000)
 Metaspace       used 11413K, capacity 11630K, committed 11776K, reserved 1058816K
  class space    used 1369K, capacity 1445K, committed 1536K, reserved 1048576K

